<?xml version="1.0" encoding="UTF-8"?>
<!-- Generated by org.testng.reporters.JUnitReportReporter -->
<testsuite skipped="0" hostname="DESKTOP-ISRA4DV" name="udsss.udssssss" tests="1" failures="0" timestamp="13 Dec 2018 07:03:48 GMT" time="0.008" errors="0">
  <testcase name="exee" time="0.008" classname="udsss.udssssss"/>
</testsuite> <!-- udsss.udssssss -->
